<?xml version="1.0" encoding="UTF-8"?>
<!-- Generated by org.testng.reporters.JUnitReportReporter -->
<testsuite hostname="Tunga" failures="0" tests="1" name="TestExecution.Excute" time="0.024" errors="0" timestamp="2024-11-16T12:11:04 IST" skipped="0">
  <testcase classname="TestExecution.Excute" name="executeTest" time="0.024"/>
</testsuite> <!-- TestExecution.Excute -->
