<?xml version="1.0" encoding="UTF-8"?>
<!-- Generated by org.testng.reporters.JUnitReportReporter -->
<testsuite hostname="Tunga" failures="0" tests="1" name="TestExecution.Excute" time="0.009" errors="0" timestamp="2024-11-15T20:17:26 IST" skipped="0">
  <testcase classname="TestExecution.Excute" name="executeTest" time="0.009"/>
</testsuite> <!-- TestExecution.Excute -->
